[36mINFO[0m[2025-04-26 17:24:27] Bot started successfully                     
[36mINFO[0m[2025-04-28 21:56:12] Bot started successfully                     
[36mINFO[0m[2025-04-28 21:57:17] User started the bot                          [36muser_id[0m=385672319 [36musername[0m=green_delfin
[36mINFO[0m[2025-04-28 21:59:49] User joined the group                         [36mgroup[0m="Game Group Test" [36msource[0m=HandleUserJoined [36muser_id[0m=6598439879 [36musername[0m=Jay_jayss
[36mINFO[0m[2025-04-28 22:00:50] Start game handler called                     [36mgroup[0m="Game Group Test" [36muser_id[0m=385672319 [36musername[0m=green_delfin
[36mINFO[0m[2025-04-28 22:00:51] Game (Game Group Test) status: waiting       
[36mINFO[0m[2025-04-28 22:01:10] OnAnswerTaskBtnHandler called                 [36msource[0m=OnAnswerTaskBtnHandler [36musername[0m=green_delfin
[36mINFO[0m[2025-04-28 22:01:32] Info about player and his status              [36mgroup[0m="Game Group Test" [36msource[0m=HandlerPlayerResponse [36mstatus_uer_from_DB[0m=waiting_1 [36mstatus_user_in_blocK_if[0m=waiting_1 [36musername[0m=green_delfin
[36mINFO[0m[2025-04-28 22:02:24] OnAnswerTaskBtnHandler called                 [36msource[0m=OnAnswerTaskBtnHandler [36musername[0m=green_delfin
[36mINFO[0m[2025-04-28 22:02:36] OnSkipTaskHandler called                     
[36mINFO[0m[2025-04-28 22:02:36] Info of user, data buttin and task ID         [36mcurrent_task_id[0m=1 [36mdata_button[0m=skip_1 [36mgroup[0m="Game Group Test" [36muser[0m=green_delfin
[36mINFO[0m[2025-05-01 19:37:38] The database has been initialized successfully. 
[36mINFO[0m[2025-05-01 19:37:38] Table has been created or already exists.     [36msource[0m="DB: createTables" [36mtable[0m=players
[36mINFO[0m[2025-05-01 19:37:38] Table has been created or already exists.     [36msource[0m="DB: createTables" [36mtable[0m=games
[36mINFO[0m[2025-05-01 19:37:38] Table has been created or already exists.     [36msource[0m="DB: createTables" [36mtable[0m=game_players
[36mINFO[0m[2025-05-01 19:37:38] Table has been created or already exists.     [36msource[0m="DB: createTables" [36mtable[0m=tasks
[36mINFO[0m[2025-05-01 19:37:38] Table has been created or already exists.     [36msource[0m="DB: createTables" [36mtable[0m=player_responses
[36mINFO[0m[2025-05-01 19:37:38] Table has been created or already exists.     [36msource[0m="DB: createTables" [36mtable[0m=game_state
[36mINFO[0m[2025-05-01 19:37:38] Bot started successfully                     
[36mINFO[0m[2025-05-01 19:38:45] User started the bot                          [36muser_id[0m=385672319 [36musername[0m=green_delfin
[36mINFO[0m[2025-05-01 19:38:57] User started the bot                          [36muser_id[0m=385672319 [36musername[0m=green_delfin
[36mINFO[0m[2025-05-01 19:38:57] Bot was join to group                         [36madmin_id:[0m=385672319 [36mgroup[0m="Game Group Test 2" [36mgroup_id[0m=-1002646992940 [36msource[0m=StartHandler
[36mINFO[0m[2025-05-01 19:38:57] User added bot gto group                      [36mgroup[0m="Game Group Test 2" [36mgroup_id[0m=-1002646992940 [36msource[0m=HandleAddedToGroup [36muser:[0m=green_delfin [36muser_id[0m=385672319
[36mINFO[0m[2025-05-01 19:38:57] Game has been created successfully            [36mgame[0m="Game Group Test 2" [36mgame_id[0m=1 [36mgroup_id[0m=-1002646992940 [36msource[0m="DB: CreateGame"
[36mINFO[0m[2025-05-01 19:38:57] Plauer has been added to game successfully    [36mgame_id[0m=1 [36mplayer[0m=green_delfin [36mplayer_id[0m=385672319 [36mrole[0m=admin [36msource[0m="DB: AddPlayerToGame"
[36mINFO[0m[2025-05-01 19:40:07] Inline button was called for joined to game   [36mgroup[0m="Game Group Test 2" [36mgroup_id[0m=-1002646992940 [36muser_id[0m=385672319 [36musername[0m=green_delfin
[36mINFO[0m[2025-05-01 19:41:17] Inline button was called for joined to game   [36mgroup[0m="Game Group Test 2" [36mgroup_id[0m=-1002646992940 [36muser_id[0m=6598439879 [36musername[0m=Jay_jayss
[36mINFO[0m[2025-05-01 19:41:17] Plauer has been added to game successfully    [36mgame_id[0m=1 [36mplayer[0m=Jay_jayss [36mplayer_id[0m=6598439879 [36mrole[0m=player [36msource[0m="DB: AddPlayerToGame"
[36mINFO[0m[2025-05-01 19:41:29] Start game handler called                     [36mgroup[0m="Game Group Test 2" [36muser_id[0m=6598439879 [36musername[0m=Jay_jayss
[36mINFO[0m[2025-05-01 19:42:00] Start game handler called                     [36mgroup[0m="Game Group Test 2" [36muser_id[0m=385672319 [36musername[0m=green_delfin
[36mINFO[0m[2025-05-01 19:42:00] Game (Game Group Test 2) status: waiting     
[36mINFO[0m[2025-05-01 19:42:00] Game status has been updated successfully     [36mgame_id[0m=1 [36msource[0m="DB: UpdateGameStatus" [36mstatus[0m=playing
[36mINFO[0m[2025-05-01 19:43:01] DB dir removed (dev mode).                   
[36mINFO[0m[2025-05-01 19:43:01] The database connection was closed successfully. 
[36mINFO[0m[2025-05-01 19:46:55] The database has been initialized successfully. 
[36mINFO[0m[2025-05-01 19:46:55] Table has been created or already exists.     [36msource[0m="DB: createTables" [36mtable[0m=players
[36mINFO[0m[2025-05-01 19:46:55] Table has been created or already exists.     [36msource[0m="DB: createTables" [36mtable[0m=games
[36mINFO[0m[2025-05-01 19:46:55] Table has been created or already exists.     [36msource[0m="DB: createTables" [36mtable[0m=game_players
[36mINFO[0m[2025-05-01 19:46:55] Table has been created or already exists.     [36msource[0m="DB: createTables" [36mtable[0m=tasks
[36mINFO[0m[2025-05-01 19:46:55] Table has been created or already exists.     [36msource[0m="DB: createTables" [36mtable[0m=player_responses
[36mINFO[0m[2025-05-01 19:46:55] Table has been created or already exists.     [36msource[0m="DB: createTables" [36mtable[0m=game_state
[36mINFO[0m[2025-05-01 19:46:55] Bot started successfully                     
[36mINFO[0m[2025-05-01 19:47:13] User started the bot                          [36muser_id[0m=385672319 [36musername[0m=green_delfin
[36mINFO[0m[2025-05-01 19:47:21] User added bot gto group                      [36mgroup[0m="Game Group Test 2" [36mgroup_id[0m=-1002646992940 [36msource[0m=HandleAddedToGroup [36muser:[0m=green_delfin [36muser_id[0m=385672319
[36mINFO[0m[2025-05-01 19:47:21] User started the bot                          [36muser_id[0m=385672319 [36musername[0m=green_delfin
[36mINFO[0m[2025-05-01 19:47:21] Bot was join to group                         [36madmin_id:[0m=385672319 [36mgroup[0m="Game Group Test 2" [36mgroup_id[0m=-1002646992940 [36msource[0m=StartHandler
[36mINFO[0m[2025-05-01 19:47:21] Game has been created successfully            [36mgame[0m="Game Group Test 2" [36mgame_id[0m=1 [36mgroup_id[0m=-1002646992940 [36msource[0m="DB: CreateGame"
[36mINFO[0m[2025-05-01 19:47:21] Player has been added to game successfully    [36mgame_id[0m=1 [36mplayer[0m=green_delfin [36mplayer_id[0m=385672319 [36mrole[0m=admin [36msource[0m="DB: AddPlayerToGame"
[36mINFO[0m[2025-05-01 19:47:32] DB dir removed (dev mode).                   
[36mINFO[0m[2025-05-01 19:47:32] The database connection was closed successfully. 
[36mINFO[0m[2025-05-01 19:49:09] The database has been initialized successfully. 
[36mINFO[0m[2025-05-01 19:49:09] Table has been created or already exists.     [36msource[0m="DB: createTables" [36mtable[0m=players
[36mINFO[0m[2025-05-01 19:49:09] Table has been created or already exists.     [36msource[0m="DB: createTables" [36mtable[0m=games
[36mINFO[0m[2025-05-01 19:49:09] Table has been created or already exists.     [36msource[0m="DB: createTables" [36mtable[0m=game_players
[36mINFO[0m[2025-05-01 19:49:09] Table has been created or already exists.     [36msource[0m="DB: createTables" [36mtable[0m=tasks
[36mINFO[0m[2025-05-01 19:49:09] Table has been created or already exists.     [36msource[0m="DB: createTables" [36mtable[0m=player_responses
[36mINFO[0m[2025-05-01 19:49:09] Table has been created or already exists.     [36msource[0m="DB: createTables" [36mtable[0m=game_state
[36mINFO[0m[2025-05-01 19:49:10] Bot started successfully                     
[36mINFO[0m[2025-05-01 19:49:23] User started the bot                          [36muser_id[0m=385672319 [36musername[0m=green_delfin
[36mINFO[0m[2025-05-01 19:49:31] User started the bot                          [36muser_id[0m=385672319 [36musername[0m=green_delfin
[36mINFO[0m[2025-05-01 19:49:31] Bot was join to group                         [36madmin_id:[0m=385672319 [36mgroup[0m="Game Group Test 2" [36mgroup_id[0m=-1002646992940 [36msource[0m=StartHandler
[36mINFO[0m[2025-05-01 19:49:31] User added bot gto group                      [36mgroup[0m="Game Group Test 2" [36mgroup_id[0m=-1002646992940 [36msource[0m=HandleAddedToGroup [36muser:[0m=green_delfin [36muser_id[0m=385672319
[36mINFO[0m[2025-05-01 19:49:31] Game has been created successfully            [36mgame[0m="Game Group Test 2" [36mgame_id[0m=1 [36mgroup_id[0m=-1002646992940 [36msource[0m="DB: CreateGame"
[36mINFO[0m[2025-05-01 19:49:31] Player has been added to game successfully    [36mgame_id[0m=1 [36mplayer[0m=green_delfin [36mplayer_id[0m=385672319 [36mrole[0m=admin [36msource[0m="DB: AddPlayerToGame"
[36mINFO[0m[2025-05-01 19:49:55] Inline button was called for joined to game   [36mgroup[0m="Game Group Test 2" [36mgroup_id[0m=-1002646992940 [36muser_id[0m=6598439879 [36musername[0m=Jay_jayss
[36mINFO[0m[2025-05-01 19:49:55] Player has been added to game successfully    [36mgame_id[0m=1 [36mplayer[0m=Jay_jayss [36mplayer_id[0m=6598439879 [36mrole[0m=player [36msource[0m="DB: AddPlayerToGame"
[36mINFO[0m[2025-05-01 19:49:59] Start game handler called                     [36mgroup[0m="Game Group Test 2" [36muser_id[0m=6598439879 [36musername[0m=Jay_jayss
[33mWARN[0m[2025-05-01 19:49:59] User is not admin in the group, tha can't start game  [33mgroup[0m="Game Group Test 2" [33muser_id[0m=6598439879 [33musername[0m=Jay_jayss
[36mINFO[0m[2025-05-01 19:50:18] Inline button was called for joined to game   [36mgroup[0m="Game Group Test 2" [36mgroup_id[0m=-1002646992940 [36muser_id[0m=6598439879 [36musername[0m=Jay_jayss
[36mINFO[0m[2025-05-01 19:50:40] Inline button was called for joined to game   [36mgroup[0m="Game Group Test 2" [36mgroup_id[0m=-1002646992940 [36muser_id[0m=385672319 [36musername[0m=green_delfin
[36mINFO[0m[2025-05-01 19:50:47] Start game handler called                     [36mgroup[0m="Game Group Test 2" [36muser_id[0m=385672319 [36musername[0m=green_delfin
[36mINFO[0m[2025-05-01 19:50:48] Game (Game Group Test 2) status: waiting     
[36mINFO[0m[2025-05-01 19:50:48] Game status has been updated successfully     [36mgame_id[0m=1 [36msource[0m="DB: UpdateGameStatus" [36mstatus[0m=playing
[36mINFO[0m[2025-05-01 19:51:48] Current task ID for game updated successfully  [36mgame_id[0m=1 [36msource[0m="DB: UpdateCurrentTaskID" [36mtask_id[0m=1
[36mINFO[0m[2025-05-01 19:51:58] OnAnswerTaskBtnHandler called                 [36msource[0m=OnAnswerTaskBtnHandler [36musername[0m=green_delfin
[36mINFO[0m[2025-05-01 19:51:58] Player status updated successfully            [36mplayer_id[0m=385672319 [36msource[0m="DB: UpdatePlayerStatus" [36mstatus[0m=waiting_1
[36mINFO[0m[2025-05-01 19:52:11] Player status get successfully                [36mplayer_id[0m=385672319 [36msource[0m="DB: GetStatusPlayer" [36mstatus[0m=waiting_1
[36mINFO[0m[2025-05-01 19:52:11] Info about player and his status              [36mgroup[0m="Game Group Test 2" [36msource[0m=HandlerPlayerResponse [36mstatus_uer_from_DB[0m=waiting_1 [36mstatus_user_in_blocK_if[0m=waiting_1 [36musername[0m=green_delfin
[36mINFO[0m[2025-05-01 19:52:11] DB: AadPlayerResponse - AddPlayerResponse was called 
[36mINFO[0m[2025-05-01 19:52:11] Player response added successfully            [36mgame_id[0m=1 [36mplayer_id[0m=385672319 [36msource[0m="DB: AddPlayerResponse" [36mtask_id[0m=1
[36mINFO[0m[2025-05-01 19:52:11] Player status updated successfully            [36mplayer_id[0m=385672319 [36msource[0m="DB: UpdatePlayerStatus" [36mstatus[0m=no_waiting
[36mINFO[0m[2025-05-01 19:52:20] OnSkipTaskHandler called                     
[36mINFO[0m[2025-05-01 19:52:20] Info of user, data buttin and task ID         [36mcurrent_task_id[0m=1 [36mdata_button[0m=skip_1 [36mgroup[0m="Game Group Test 2" [36muser[0m=green_delfin
[36mINFO[0m[2025-05-01 19:52:20] Player has already answered the task          [36mgame_id[0m=1 [36mhas_answer[0m=true [36mplayer_id[0m=385672319 [36mskipped[0m=false [36msource[0m="DB: SkipPlayerResponse" [36mtask_id[0m=1
[36mINFO[0m[2025-05-01 19:52:46] OnSkipTaskHandler called                     
[36mINFO[0m[2025-05-01 19:52:46] Info of user, data buttin and task ID         [36mcurrent_task_id[0m=1 [36mdata_button[0m=skip_1 [36mgroup[0m="Game Group Test 2" [36muser[0m=Jay_jayss
[36mINFO[0m[2025-05-01 19:52:46] Player skipped task (new entry)               [36mgame_id[0m=1 [36mplayer_id[0m=6598439879 [36mskipped[0m=true [36msource[0m="DB: SkipPlayerResponse" [36mtask_id[0m=1
[36mINFO[0m[2025-05-01 19:53:35] DB dir removed (dev mode).                   
[36mINFO[0m[2025-05-01 19:53:35] The database connection was closed successfully. 
